[0m2021.11.04 13:34:17 INFO  Started: Metals version 0.10.9 in workspace 'C:\Users\jerry\GitHub\my_study\Introduction to Static Analysis\program\analysis' for client Visual Studio Code 1.61.2.[0m
[0m2021.11.04 13:34:20 INFO  time: initialize in 2.66s[0m
[0m2021.11.04 13:34:21 WARN  Build server is not auto-connectable.[0m
[0m2021.11.04 13:34:21 WARN  no build target for: C:\Users\jerry\GitHub\my_study\Introduction to Static Analysis\program\analysis\src\main\scala\ch3\analysis.scala[0m
[0m2021.11.04 13:34:37 INFO  no build target: using presentation compiler with only scala-library: 3.1.0[0m
[0m2021.11.04 13:35:03 INFO  time: code lens generation in 39s[0m
11¿ù 04, 2021 1:36:31 ¿ÀÈÄ org.eclipse.lsp4j.jsonrpc.services.GenericEndpoint notify
Á¤º¸: Unsupported notification method: $/setTrace
[0m2021.11.04 13:36:44 WARN  no build target for: C:\Users\jerry\GitHub\my_study\Introduction to Static Analysis\program\analysis\src\main\scala\ch5\ch5.scala[0m
[0m2021.11.04 13:36:45 WARN  no build target for: C:\Users\jerry\GitHub\my_study\Introduction to Static Analysis\program\analysis\src\main\scala\ch5\analysis.scala[0m
[0m2021.11.04 13:36:47 WARN  no build target for: C:\Users\jerry\GitHub\my_study\Introduction to Static Analysis\program\analysis\src\main\scala\ch5\ADTs.scala[0m
11¿ù 04, 2021 1:36:47 ¿ÀÈÄ org.eclipse.lsp4j.jsonrpc.RemoteEndpoint handleCancellation
°æ°í: Unmatched cancel notification for request id 20
[0m2021.11.04 13:36:50 WARN  no build target for: C:\Users\jerry\GitHub\my_study\Introduction to Static Analysis\program\analysis\src\main\scala\util.scala[0m
11¿ù 04, 2021 1:37:07 ¿ÀÈÄ org.eclipse.lsp4j.jsonrpc.RemoteEndpoint handleCancellation
°æ°í: Unmatched cancel notification for request id 70
[0m2021.11.04 13:38:36 WARN  no build target for: C:\Users\jerry\GitHub\my_study\Introduction to Static Analysis\program\analysis\src\main\scala\ch5\analysis.scala[0m
[0m2021.11.04 13:38:37 WARN  no build target for: C:\Users\jerry\GitHub\my_study\Introduction to Static Analysis\program\analysis\src\main\scala\ch5\analysis.scala[0m
[0m2021.11.04 13:38:43 WARN  no build target for: C:\Users\jerry\GitHub\my_study\Introduction to Static Analysis\program\analysis\src\main\scala\ch5\analysis.scala[0m
[0m2021.11.04 13:38:46 WARN  no build target for: C:\Users\jerry\GitHub\my_study\Introduction to Static Analysis\program\analysis\src\main\scala\ch5\analysis.scala[0m
[0m2021.11.04 13:38:48 WARN  no build target for: C:\Users\jerry\GitHub\my_study\Introduction to Static Analysis\program\analysis\src\main\scala\ch5\analysis.scala[0m
[0m2021.11.04 13:38:50 WARN  no build target for: C:\Users\jerry\GitHub\my_study\Introduction to Static Analysis\program\analysis\src\main\scala\ch5\analysis.scala[0m
[0m2021.11.04 13:41:04 WARN  no build target for: C:\Users\jerry\GitHub\my_study\Introduction to Static Analysis\program\analysis\src\main\scala\ch5\analysis.scala[0m
[0m2021.11.04 13:41:07 WARN  no build target for: C:\Users\jerry\GitHub\my_study\Introduction to Static Analysis\program\analysis\src\main\scala\ch5\analysis.scala[0m
[0m2021.11.04 13:42:05 WARN  no build target for: C:\Users\jerry\GitHub\my_study\Introduction to Static Analysis\program\analysis\src\main\scala\ch5\ch5.scala[0m
[0m2021.11.04 13:42:10 WARN  no build target for: C:\Users\jerry\GitHub\my_study\Introduction to Static Analysis\program\analysis\src\main\scala\ch5\ADTs.scala[0m
11¿ù 04, 2021 1:42:26 ¿ÀÈÄ org.eclipse.lsp4j.jsonrpc.RemoteEndpoint handleCancellation
°æ°í: Unmatched cancel notification for request id 281
[0m2021.11.04 13:42:42 WARN  no build target for: C:\Users\jerry\GitHub\my_study\Introduction to Static Analysis\program\analysis\src\main\scala\ch5\analysis.scala[0m
[0m2021.11.04 13:42:49 WARN  no build target for: C:\Users\jerry\GitHub\my_study\Introduction to Static Analysis\program\analysis\src\main\scala\ch5\analysis.scala[0m
[0m2021.11.04 13:44:29 WARN  no build target for: C:\Users\jerry\GitHub\my_study\Introduction to Static Analysis\program\analysis\src\main\scala\ch5\ADTs.scala[0m
[0m2021.11.04 13:44:34 WARN  no build target for: C:\Users\jerry\GitHub\my_study\Introduction to Static Analysis\program\analysis\src\main\scala\ch5\ADTs.scala[0m
[0m2021.11.04 13:44:39 WARN  no build target for: C:\Users\jerry\GitHub\my_study\Introduction to Static Analysis\program\analysis\src\main\scala\ch5\ADTs.scala[0m
[0m2021.11.04 13:44:43 WARN  no build target for: C:\Users\jerry\GitHub\my_study\Introduction to Static Analysis\program\analysis\src\main\scala\ch5\ADTs.scala[0m
[0m2021.11.04 13:44:45 WARN  no build target for: C:\Users\jerry\GitHub\my_study\Introduction to Static Analysis\program\analysis\src\main\scala\ch5\ADTs.scala[0m
[0m2021.11.04 13:44:51 WARN  no build target for: C:\Users\jerry\GitHub\my_study\Introduction to Static Analysis\program\analysis\src\main\scala\ch5\ADTs.scala[0m
[0m2021.11.04 13:45:00 WARN  no build target for: C:\Users\jerry\GitHub\my_study\Introduction to Static Analysis\program\analysis\src\main\scala\ch5\ADTs.scala[0m
[0m2021.11.04 13:45:03 WARN  no build target for: C:\Users\jerry\GitHub\my_study\Introduction to Static Analysis\program\analysis\src\main\scala\ch5\ADTs.scala[0m
[0m2021.11.04 13:45:06 WARN  no build target for: C:\Users\jerry\GitHub\my_study\Introduction to Static Analysis\program\analysis\src\main\scala\ch5\ADTs.scala[0m
[0m2021.11.04 13:45:09 WARN  no build target for: C:\Users\jerry\GitHub\my_study\Introduction to Static Analysis\program\analysis\src\main\scala\ch5\ADTs.scala[0m
[0m2021.11.04 13:45:12 WARN  no build target for: C:\Users\jerry\GitHub\my_study\Introduction to Static Analysis\program\analysis\src\main\scala\ch5\ADTs.scala[0m
[0m2021.11.04 13:45:21 WARN  no build target for: C:\Users\jerry\GitHub\my_study\Introduction to Static Analysis\program\analysis\src\main\scala\ch5\ADTs.scala[0m
11¿ù 04, 2021 1:45:28 ¿ÀÈÄ org.eclipse.lsp4j.jsonrpc.RemoteEndpoint handleCancellation
°æ°í: Unmatched cancel notification for request id 520
[0m2021.11.04 13:45:35 WARN  no build target for: C:\Users\jerry\GitHub\my_study\Introduction to Static Analysis\program\analysis\src\main\scala\ch5\analysis.scala[0m
[0m2021.11.04 13:45:39 WARN  no build target for: C:\Users\jerry\GitHub\my_study\Introduction to Static Analysis\program\analysis\src\main\scala\ch5\analysis.scala[0m
[0m2021.11.04 13:45:40 WARN  no build target for: C:\Users\jerry\GitHub\my_study\Introduction to Static Analysis\program\analysis\src\main\scala\ch5\analysis.scala[0m
[0m2021.11.04 13:45:43 WARN  no build target for: C:\Users\jerry\GitHub\my_study\Introduction to Static Analysis\program\analysis\src\main\scala\ch5\analysis.scala[0m
[0m2021.11.04 13:45:49 WARN  no build target for: C:\Users\jerry\GitHub\my_study\Introduction to Static Analysis\program\analysis\src\main\scala\ch5\analysis.scala[0m
[0m2021.11.04 13:45:52 WARN  no build target for: C:\Users\jerry\GitHub\my_study\Introduction to Static Analysis\program\analysis\src\main\scala\ch5\analysis.scala[0m
[0m2021.11.04 13:45:55 WARN  no build target for: C:\Users\jerry\GitHub\my_study\Introduction to Static Analysis\program\analysis\src\main\scala\ch5\analysis.scala[0m
[0m2021.11.04 13:46:01 WARN  no build target for: C:\Users\jerry\GitHub\my_study\Introduction to Static Analysis\program\analysis\src\main\scala\ch5\analysis.scala[0m
[0m2021.11.04 13:46:13 WARN  no build target for: C:\Users\jerry\GitHub\my_study\Introduction to Static Analysis\program\analysis\src\main\scala\ch5\analysis.scala[0m
[0m2021.11.04 13:46:20 WARN  no build target for: C:\Users\jerry\GitHub\my_study\Introduction to Static Analysis\program\analysis\src\main\scala\ch5\analysis.scala[0m
11¿ù 04, 2021 1:50:10 ¿ÀÈÄ org.eclipse.lsp4j.jsonrpc.RemoteEndpoint handleCancellation
°æ°í: Unmatched cancel notification for request id 658
[0m2021.11.04 13:50:30 WARN  no build target for: C:\Users\jerry\GitHub\my_study\Introduction to Static Analysis\program\analysis\src\main\scala\ch5\analysis.scala[0m
11¿ù 04, 2021 1:50:48 ¿ÀÈÄ org.eclipse.lsp4j.jsonrpc.RemoteEndpoint handleCancellation
°æ°í: Unmatched cancel notification for request id 693
[0m2021.11.04 13:50:49 WARN  no build target for: C:\Users\jerry\GitHub\my_study\Introduction to Static Analysis\program\analysis\src\main\scala\ch5\analysis.scala[0m
[0m2021.11.04 13:50:53 WARN  no build target for: C:\Users\jerry\GitHub\my_study\Introduction to Static Analysis\program\analysis\src\main\scala\ch5\analysis.scala[0m
[0m2021.11.04 13:50:59 WARN  no build target for: C:\Users\jerry\GitHub\my_study\Introduction to Static Analysis\program\analysis\src\main\scala\ch5\analysis.scala[0m
[0m2021.11.04 13:52:01 WARN  no build target for: C:\Users\jerry\GitHub\my_study\Introduction to Static Analysis\program\analysis\src\main\scala\ch5\analysis.scala[0m
11¿ù 04, 2021 1:54:59 ¿ÀÈÄ org.eclipse.lsp4j.jsonrpc.RemoteEndpoint handleCancellation
°æ°í: Unmatched cancel notification for request id 761
11¿ù 04, 2021 1:55:06 ¿ÀÈÄ org.eclipse.lsp4j.jsonrpc.RemoteEndpoint handleCancellation
°æ°í: Unmatched cancel notification for request id 769
[0m2021.11.04 13:59:09 WARN  no build target for: C:\Users\jerry\GitHub\my_study\Introduction to Static Analysis\program\analysis\src\main\scala\ch5\analysis.scala[0m
[0m2021.11.04 13:59:19 WARN  no build target for: C:\Users\jerry\GitHub\my_study\Introduction to Static Analysis\program\analysis\src\main\scala\ch5\analysis.scala[0m
[0m2021.11.04 13:59:38 WARN  no build target for: C:\Users\jerry\GitHub\my_study\Introduction to Static Analysis\program\analysis\src\main\scala\ch5\analysis.scala[0m
[0m2021.11.04 13:59:46 WARN  no build target for: C:\Users\jerry\GitHub\my_study\Introduction to Static Analysis\program\analysis\src\main\scala\ch5\analysis.scala[0m
[0m2021.11.04 13:59:49 WARN  no build target for: C:\Users\jerry\GitHub\my_study\Introduction to Static Analysis\program\analysis\src\main\scala\ch5\analysis.scala[0m
[0m2021.11.04 13:59:58 WARN  no build target for: C:\Users\jerry\GitHub\my_study\Introduction to Static Analysis\program\analysis\src\main\scala\ch5\analysis.scala[0m
[0m2021.11.04 14:00:00 WARN  no build target for: C:\Users\jerry\GitHub\my_study\Introduction to Static Analysis\program\analysis\src\main\scala\ch5\analysis.scala[0m
[0m2021.11.04 14:00:08 WARN  no build target for: C:\Users\jerry\GitHub\my_study\Introduction to Static Analysis\program\analysis\src\main\scala\ch5\analysis.scala[0m
[0m2021.11.04 14:00:16 WARN  no build target for: C:\Users\jerry\GitHub\my_study\Introduction to Static Analysis\program\analysis\src\main\scala\ch5\analysis.scala[0m
[0m2021.11.04 14:00:23 WARN  no build target for: C:\Users\jerry\GitHub\my_study\Introduction to Static Analysis\program\analysis\src\main\scala\ch5\analysis.scala[0m
[0m2021.11.04 14:00:25 WARN  no build target for: C:\Users\jerry\GitHub\my_study\Introduction to Static Analysis\program\analysis\src\main\scala\ch5\analysis.scala[0m
[0m2021.11.04 14:00:29 WARN  no build target for: C:\Users\jerry\GitHub\my_study\Introduction to Static Analysis\program\analysis\src\main\scala\ch5\analysis.scala[0m
[0m2021.11.04 14:00:39 WARN  no build target for: C:\Users\jerry\GitHub\my_study\Introduction to Static Analysis\program\analysis\src\main\scala\ch5\analysis.scala[0m
[0m2021.11.04 14:00:44 WARN  no build target for: C:\Users\jerry\GitHub\my_study\Introduction to Static Analysis\program\analysis\src\main\scala\ch5\analysis.scala[0m
[0m2021.11.04 14:01:08 WARN  no build target for: C:\Users\jerry\GitHub\my_study\Introduction to Static Analysis\program\analysis\src\main\scala\ch5\analysis.scala[0m
[0m2021.11.04 14:01:13 WARN  no build target for: C:\Users\jerry\GitHub\my_study\Introduction to Static Analysis\program\analysis\src\main\scala\ch5\analysis.scala[0m
[0m2021.11.04 14:01:18 WARN  no build target for: C:\Users\jerry\GitHub\my_study\Introduction to Static Analysis\program\analysis\src\main\scala\ch5\analysis.scala[0m
[0m2021.11.04 14:01:46 WARN  no build target for: C:\Users\jerry\GitHub\my_study\Introduction to Static Analysis\program\analysis\src\main\scala\ch5\analysis.scala[0m
[0m2021.11.04 14:01:48 WARN  no build target for: C:\Users\jerry\GitHub\my_study\Introduction to Static Analysis\program\analysis\src\main\scala\ch5\analysis.scala[0m
[0m2021.11.04 14:01:57 WARN  no build target for: C:\Users\jerry\GitHub\my_study\Introduction to Static Analysis\program\analysis\src\main\scala\util.scala[0m
[0m2021.11.04 14:08:13 WARN  no build target for: C:\Users\jerry\GitHub\my_study\Introduction to Static Analysis\program\analysis\src\main\scala\util.scala[0m
[0m2021.11.04 14:08:18 WARN  no build target for: C:\Users\jerry\GitHub\my_study\Introduction to Static Analysis\program\analysis\src\main\scala\util.scala[0m
[0m2021.11.04 14:08:20 WARN  no build target for: C:\Users\jerry\GitHub\my_study\Introduction to Static Analysis\program\analysis\src\main\scala\util.scala[0m
[0m2021.11.04 14:08:28 WARN  no build target for: C:\Users\jerry\GitHub\my_study\Introduction to Static Analysis\program\analysis\src\main\scala\util.scala[0m
[0m2021.11.04 14:08:30 WARN  no build target for: C:\Users\jerry\GitHub\my_study\Introduction to Static Analysis\program\analysis\src\main\scala\util.scala[0m
[0m2021.11.04 14:08:32 WARN  no build target for: C:\Users\jerry\GitHub\my_study\Introduction to Static Analysis\program\analysis\src\main\scala\util.scala[0m
11¿ù 04, 2021 2:08:42 ¿ÀÈÄ org.eclipse.lsp4j.jsonrpc.RemoteEndpoint handleCancellation
°æ°í: Unmatched cancel notification for request id 1263
[0m2021.11.04 14:09:18 WARN  no build target for: C:\Users\jerry\GitHub\my_study\Introduction to Static Analysis\program\analysis\src\main\scala\ch5\analysis.scala[0m
11¿ù 04, 2021 2:09:43 ¿ÀÈÄ org.eclipse.lsp4j.jsonrpc.RemoteEndpoint handleCancellation
°æ°í: Unmatched cancel notification for request id 1328
[0m2021.11.04 14:11:06 WARN  no build target for: C:\Users\jerry\GitHub\my_study\Introduction to Static Analysis\program\analysis\src\main\scala\ch5\analysis.scala[0m
[0m2021.11.04 14:11:15 WARN  no build target for: C:\Users\jerry\GitHub\my_study\Introduction to Static Analysis\program\analysis\src\main\scala\ch5\analysis.scala[0m
[0m2021.11.04 14:11:21 WARN  no build target for: C:\Users\jerry\GitHub\my_study\Introduction to Static Analysis\program\analysis\src\main\scala\ch5\analysis.scala[0m
[0m2021.11.04 14:11:29 WARN  no build target for: C:\Users\jerry\GitHub\my_study\Introduction to Static Analysis\program\analysis\src\main\scala\ch5\analysis.scala[0m
[0m2021.11.04 14:11:37 WARN  no build target for: C:\Users\jerry\GitHub\my_study\Introduction to Static Analysis\program\analysis\src\main\scala\ch5\analysis.scala[0m
[0m2021.11.04 14:11:43 WARN  no build target for: C:\Users\jerry\GitHub\my_study\Introduction to Static Analysis\program\analysis\src\main\scala\ch5\analysis.scala[0m
11¿ù 04, 2021 2:13:57 ¿ÀÈÄ org.eclipse.lsp4j.jsonrpc.RemoteEndpoint handleCancellation
°æ°í: Unmatched cancel notification for request id 1539
[0m2021.11.04 14:14:02 WARN  no build target for: C:\Users\jerry\GitHub\my_study\Introduction to Static Analysis\program\analysis\src\main\scala\ch5\ADTs.scala[0m
[0m2021.11.04 14:14:05 WARN  no build target for: C:\Users\jerry\GitHub\my_study\Introduction to Static Analysis\program\analysis\src\main\scala\ch5\ADTs.scala[0m
[0m2021.11.04 14:14:07 WARN  no build target for: C:\Users\jerry\GitHub\my_study\Introduction to Static Analysis\program\analysis\src\main\scala\ch5\ADTs.scala[0m
[0m2021.11.04 14:14:09 WARN  no build target for: C:\Users\jerry\GitHub\my_study\Introduction to Static Analysis\program\analysis\src\main\scala\ch5\ADTs.scala[0m
11¿ù 04, 2021 2:14:29 ¿ÀÈÄ org.eclipse.lsp4j.jsonrpc.RemoteEndpoint handleCancellation
°æ°í: Unmatched cancel notification for request id 1591
[0m2021.11.04 14:17:35 WARN  no build target for: C:\Users\jerry\GitHub\my_study\Introduction to Static Analysis\program\analysis\src\main\scala\ch5\analysis.scala[0m
[0m2021.11.04 14:20:24 INFO  shutting down Metals[0m
[0m2021.11.04 14:20:24 ERROR Unexpected error initializing server
org.eclipse.lsp4j.jsonrpc.ResponseErrorException: Request window/showMessageRequest failed with message: Canceled
	at org.eclipse.lsp4j.jsonrpc.RemoteEndpoint.handleResponse(RemoteEndpoint.java:209)
	at org.eclipse.lsp4j.jsonrpc.RemoteEndpoint.consume(RemoteEndpoint.java:193)
	at org.eclipse.lsp4j.jsonrpc.json.StreamMessageProducer.handleMessage(StreamMessageProducer.java:194)
	at org.eclipse.lsp4j.jsonrpc.json.StreamMessageProducer.listen(StreamMessageProducer.java:94)
	at org.eclipse.lsp4j.jsonrpc.json.ConcurrentMessageProcessor.run(ConcurrentMessageProcessor.java:113)
	at java.util.concurrent.Executors$RunnableAdapter.call(Executors.java:515)
	at java.util.concurrent.FutureTask.run(FutureTask.java:264)
	at java.util.concurrent.ThreadPoolExecutor.runWorker(ThreadPoolExecutor.java:1128)
	at java.util.concurrent.ThreadPoolExecutor$Worker.run(ThreadPoolExecutor.java:628)
	at java.lang.Thread.run(Thread.java:829)
[0m
[0m2021.11.04 15:03:52 INFO  Started: Metals version 0.10.9 in workspace 'C:\Users\jerry\GitHub\my_study\Introduction to Static Analysis\program\analysis' for client Visual Studio Code 1.61.2.[0m
[0m2021.11.04 15:03:54 INFO  time: initialize in 1.94s[0m
[0m2021.11.04 15:03:54 WARN  Build server is not auto-connectable.[0m
[0m2021.11.04 15:03:55 WARN  no build target for: C:\Users\jerry\GitHub\my_study\Introduction to Static Analysis\program\analysis\src\main\scala\ch5\analysis.scala[0m
[0m2021.11.04 15:03:55 INFO  skipping build import with status 'Requested'[0m
[0m2021.11.04 15:04:02 INFO  no build target: using presentation compiler with only scala-library: 3.1.0[0m
[0m2021.11.04 15:04:06 INFO  time: code lens generation in 9.1s[0m
[0m2021.11.04 15:08:55 WARN  no build target for: C:\Users\jerry\GitHub\my_study\Introduction to Static Analysis\program\analysis\src\main\scala\ch5\package.scala[0m
[0m2021.11.04 15:09:11 WARN  no build target for: C:\Users\jerry\GitHub\my_study\Introduction to Static Analysis\program\analysis\src\main\scala\ch5\refined_analysis.scala[0m
11¿ù 04, 2021 3:09:16 ¿ÀÈÄ org.eclipse.lsp4j.jsonrpc.RemoteEndpoint handleCancellation
°æ°í: Unmatched cancel notification for request id 21
11¿ù 04, 2021 3:09:22 ¿ÀÈÄ org.eclipse.lsp4j.jsonrpc.RemoteEndpoint handleCancellation
°æ°í: Unmatched cancel notification for request id 31
11¿ù 04, 2021 3:09:23 ¿ÀÈÄ org.eclipse.lsp4j.jsonrpc.RemoteEndpoint fallbackResponseError
½É°¢: Internal error: java.lang.reflect.InvocationTargetException
java.lang.RuntimeException: java.lang.reflect.InvocationTargetException
	at org.eclipse.lsp4j.jsonrpc.services.GenericEndpoint.lambda$null$0(GenericEndpoint.java:67)
	at org.eclipse.lsp4j.jsonrpc.services.GenericEndpoint.request(GenericEndpoint.java:120)
	at org.eclipse.lsp4j.jsonrpc.RemoteEndpoint.handleRequest(RemoteEndpoint.java:261)
	at org.eclipse.lsp4j.jsonrpc.RemoteEndpoint.consume(RemoteEndpoint.java:190)
	at org.eclipse.lsp4j.jsonrpc.json.StreamMessageProducer.handleMessage(StreamMessageProducer.java:194)
	at org.eclipse.lsp4j.jsonrpc.json.StreamMessageProducer.listen(StreamMessageProducer.java:94)
	at org.eclipse.lsp4j.jsonrpc.json.ConcurrentMessageProcessor.run(ConcurrentMessageProcessor.java:113)
	at java.base/java.util.concurrent.Executors$RunnableAdapter.call(Executors.java:515)
	at java.base/java.util.concurrent.FutureTask.run(FutureTask.java:264)
	at java.base/java.util.concurrent.ThreadPoolExecutor.runWorker(ThreadPoolExecutor.java:1128)
	at java.base/java.util.concurrent.ThreadPoolExecutor$Worker.run(ThreadPoolExecutor.java:628)
	at java.base/java.lang.Thread.run(Thread.java:829)
Caused by: java.lang.reflect.InvocationTargetException
	at java.base/jdk.internal.reflect.NativeMethodAccessorImpl.invoke0(Native Method)
	at java.base/jdk.internal.reflect.NativeMethodAccessorImpl.invoke(NativeMethodAccessorImpl.java:62)
	at java.base/jdk.internal.reflect.DelegatingMethodAccessorImpl.invoke(DelegatingMethodAccessorImpl.java:43)
	at java.base/java.lang.reflect.Method.invoke(Method.java:566)
	at org.eclipse.lsp4j.jsonrpc.services.GenericEndpoint.lambda$null$0(GenericEndpoint.java:65)
	... 11 more
Caused by: java.lang.IllegalArgumentException: 4 is not a valid line number, allowed [0..0]
	at scala.meta.internal.inputs.InternalInput.lineToOffset(InternalInput.scala:37)
	at scala.meta.internal.inputs.InternalInput.lineToOffset$(InternalInput.scala:32)
	at scala.meta.inputs.Input$VirtualFile.lineToOffset(Input.scala:80)
	at scala.meta.inputs.Position$Range$.apply(Position.scala:59)
	at scala.meta.internal.mtags.MtagsEnrichments$XtensionPositionLspInverse.toMeta(MtagsEnrichments.scala:133)
	at scala.meta.internal.parsing.Trees.$anonfun$findLastEnclosingAt$4(Trees.scala:77)
	at scala.Option.flatMap(Option.scala:271)
	at scala.meta.internal.parsing.Trees.findLastEnclosingAt(Trees.scala:76)
	at scala.meta.internal.metals.codeactions.PatternMatchRefactor.contribute(PatternMatchRefactor.scala:96)
	at scala.meta.internal.metals.CodeActionProvider$$anonfun$1.applyOrElse(CodeActionProvider.scala:62)
	at scala.meta.internal.metals.CodeActionProvider$$anonfun$1.applyOrElse(CodeActionProvider.scala:61)
	at scala.collection.immutable.List.collect(List.scala:323)
	at scala.meta.internal.metals.CodeActionProvider.codeActions(CodeActionProvider.scala:61)
	at scala.meta.internal.metals.MetalsLanguageServer.$anonfun$codeAction$1(MetalsLanguageServer.scala:1555)
	at scala.meta.internal.metals.CancelTokens$.future(CancelTokens.scala:38)
	at scala.meta.internal.metals.MetalsLanguageServer.codeAction(MetalsLanguageServer.scala:1554)
	... 16 more

[0m2021.11.04 15:09:25 WARN  no build target for: C:\Users\jerry\GitHub\my_study\Introduction to Static Analysis\program\analysis\src\main\scala\ch5\refined_analysis.scala[0m
[0m2021.11.04 15:09:27 WARN  no build target for: C:\Users\jerry\GitHub\my_study\Introduction to Static Analysis\program\analysis\src\main\scala\ch5\refined_analysis.scala[0m
[0m2021.11.04 15:09:28 WARN  no build target for: C:\Users\jerry\GitHub\my_study\Introduction to Static Analysis\program\analysis\src\main\scala\ch5\refined_analysis.scala[0m
[0m2021.11.04 15:09:30 WARN  no build target for: C:\Users\jerry\GitHub\my_study\Introduction to Static Analysis\program\analysis\src\main\scala\util.scala[0m
[0m2021.11.04 15:10:11 WARN  no build target for: C:\Users\jerry\GitHub\my_study\Introduction to Static Analysis\program\analysis\src\main\scala\util.scala[0m
[0m2021.11.04 15:10:18 WARN  no build target for: C:\Users\jerry\GitHub\my_study\Introduction to Static Analysis\program\analysis\src\main\scala\ch5\ch5.scala[0m
[0m2021.11.04 15:10:28 WARN  no build target for: C:\Users\jerry\GitHub\my_study\Introduction to Static Analysis\program\analysis\src\main\scala\ch5\ADTs.scala[0m
11¿ù 04, 2021 3:10:30 ¿ÀÈÄ org.eclipse.lsp4j.jsonrpc.RemoteEndpoint handleCancellation
°æ°í: Unmatched cancel notification for request id 110
11¿ù 04, 2021 3:13:14 ¿ÀÈÄ org.eclipse.lsp4j.jsonrpc.RemoteEndpoint handleCancellation
°æ°í: Unmatched cancel notification for request id 115
11¿ù 04, 2021 3:13:15 ¿ÀÈÄ org.eclipse.lsp4j.jsonrpc.RemoteEndpoint handleCancellation
°æ°í: Unmatched cancel notification for request id 120
11¿ù 04, 2021 3:13:17 ¿ÀÈÄ org.eclipse.lsp4j.jsonrpc.RemoteEndpoint handleCancellation
°æ°í: Unmatched cancel notification for request id 125
11¿ù 04, 2021 3:13:50 ¿ÀÈÄ org.eclipse.lsp4j.jsonrpc.RemoteEndpoint handleCancellation
°æ°í: Unmatched cancel notification for request id 150
[0m2021.11.04 15:13:53 WARN  no build target for: C:\Users\jerry\GitHub\my_study\Introduction to Static Analysis\program\analysis\src\main\scala\ch5\refined_analysis.scala[0m
[0m2021.11.04 15:14:12 WARN  no build target for: C:\Users\jerry\GitHub\my_study\Introduction to Static Analysis\program\analysis\src\main\scala\ch5\refined_analysis.scala[0m
[0m2021.11.04 15:14:18 WARN  no build target for: C:\Users\jerry\GitHub\my_study\Introduction to Static Analysis\program\analysis\src\main\scala\ch5\refined_analysis.scala[0m
[0m2021.11.04 15:14:19 WARN  no build target for: C:\Users\jerry\GitHub\my_study\Introduction to Static Analysis\program\analysis\src\main\scala\ch5\refined_analysis.scala[0m
11¿ù 04, 2021 3:14:19 ¿ÀÈÄ org.eclipse.lsp4j.jsonrpc.RemoteEndpoint handleCancellation
°æ°í: Unmatched cancel notification for request id 235
11¿ù 04, 2021 3:14:23 ¿ÀÈÄ org.eclipse.lsp4j.jsonrpc.RemoteEndpoint handleCancellation
°æ°í: Unmatched cancel notification for request id 240
[0m2021.11.04 15:14:27 WARN  no build target for: C:\Users\jerry\GitHub\my_study\Introduction to Static Analysis\program\analysis\src\main\scala\ch5\refined_analysis.scala[0m
[0m2021.11.04 15:14:28 WARN  no build target for: C:\Users\jerry\GitHub\my_study\Introduction to Static Analysis\program\analysis\src\main\scala\ch5\refined_analysis.scala[0m
[0m2021.11.04 15:14:32 WARN  no build target for: C:\Users\jerry\GitHub\my_study\Introduction to Static Analysis\program\analysis\src\main\scala\ch5\refined_analysis.scala[0m
[0m2021.11.04 15:14:34 WARN  no build target for: C:\Users\jerry\GitHub\my_study\Introduction to Static Analysis\program\analysis\src\main\scala\ch5\refined_analysis.scala[0m
11¿ù 04, 2021 3:14:34 ¿ÀÈÄ org.eclipse.lsp4j.jsonrpc.RemoteEndpoint handleCancellation
°æ°í: Unmatched cancel notification for request id 273
11¿ù 04, 2021 3:14:37 ¿ÀÈÄ org.eclipse.lsp4j.jsonrpc.RemoteEndpoint handleCancellation
°æ°í: Unmatched cancel notification for request id 278
[0m2021.11.04 15:14:39 WARN  no build target for: C:\Users\jerry\GitHub\my_study\Introduction to Static Analysis\program\analysis\src\main\scala\ch5\refined_analysis.scala[0m
[0m2021.11.04 15:14:42 WARN  no build target for: C:\Users\jerry\GitHub\my_study\Introduction to Static Analysis\program\analysis\src\main\scala\ch5\refined_analysis.scala[0m
11¿ù 04, 2021 3:14:42 ¿ÀÈÄ org.eclipse.lsp4j.jsonrpc.RemoteEndpoint handleCancellation
°æ°í: Unmatched cancel notification for request id 292
11¿ù 04, 2021 3:14:50 ¿ÀÈÄ org.eclipse.lsp4j.jsonrpc.RemoteEndpoint handleCancellation
°æ°í: Unmatched cancel notification for request id 309
[0m2021.11.04 15:14:54 WARN  no build target for: C:\Users\jerry\GitHub\my_study\Introduction to Static Analysis\program\analysis\src\main\scala\ch5\refined_analysis.scala[0m
[0m2021.11.04 15:14:55 WARN  no build target for: C:\Users\jerry\GitHub\my_study\Introduction to Static Analysis\program\analysis\src\main\scala\ch5\refined_analysis.scala[0m
[0m2021.11.04 15:14:56 WARN  no build target for: C:\Users\jerry\GitHub\my_study\Introduction to Static Analysis\program\analysis\src\main\scala\ch5\refined_analysis.scala[0m
11¿ù 04, 2021 3:15:05 ¿ÀÈÄ org.eclipse.lsp4j.jsonrpc.RemoteEndpoint handleCancellation
°æ°í: Unmatched cancel notification for request id 337
11¿ù 04, 2021 3:15:08 ¿ÀÈÄ org.eclipse.lsp4j.jsonrpc.RemoteEndpoint handleCancellation
°æ°í: Unmatched cancel notification for request id 342
11¿ù 04, 2021 3:15:10 ¿ÀÈÄ org.eclipse.lsp4j.jsonrpc.RemoteEndpoint handleCancellation
°æ°í: Unmatched cancel notification for request id 349
11¿ù 04, 2021 3:15:33 ¿ÀÈÄ org.eclipse.lsp4j.jsonrpc.RemoteEndpoint handleCancellation
°æ°í: Unmatched cancel notification for request id 356
11¿ù 04, 2021 3:15:42 ¿ÀÈÄ org.eclipse.lsp4j.jsonrpc.RemoteEndpoint handleCancellation
°æ°í: Unmatched cancel notification for request id 370
[0m2021.11.04 15:16:20 WARN  no build target for: C:\Users\jerry\GitHub\my_study\Introduction to Static Analysis\program\analysis\src\main\scala\ch5\refined_analysis.scala[0m
[0m2021.11.04 15:16:24 WARN  no build target for: C:\Users\jerry\GitHub\my_study\Introduction to Static Analysis\program\analysis\src\main\scala\ch5\refined_analysis.scala[0m
[0m2021.11.04 15:16:29 WARN  no build target for: C:\Users\jerry\GitHub\my_study\Introduction to Static Analysis\program\analysis\src\main\scala\ch5\refined_analysis.scala[0m
[0m2021.11.04 15:16:31 WARN  no build target for: C:\Users\jerry\GitHub\my_study\Introduction to Static Analysis\program\analysis\src\main\scala\ch5\refined_analysis.scala[0m
11¿ù 04, 2021 3:16:39 ¿ÀÈÄ org.eclipse.lsp4j.jsonrpc.RemoteEndpoint handleCancellation
°æ°í: Unmatched cancel notification for request id 430
[0m2021.11.04 15:17:13 WARN  no build target for: C:\Users\jerry\GitHub\my_study\Introduction to Static Analysis\program\analysis\src\main\scala\ch5\refined_analysis.scala[0m
[0m2021.11.04 15:17:16 WARN  no build target for: C:\Users\jerry\GitHub\my_study\Introduction to Static Analysis\program\analysis\src\main\scala\ch5\refined_analysis.scala[0m
[0m2021.11.04 15:17:17 WARN  no build target for: C:\Users\jerry\GitHub\my_study\Introduction to Static Analysis\program\analysis\src\main\scala\ch5\refined_analysis.scala[0m
[0m2021.11.04 15:17:19 WARN  no build target for: C:\Users\jerry\GitHub\my_study\Introduction to Static Analysis\program\analysis\src\main\scala\ch5\refined_analysis.scala[0m
[0m2021.11.04 15:17:34 WARN  no build target for: C:\Users\jerry\GitHub\my_study\Introduction to Static Analysis\program\analysis\src\main\scala\ch5\refined_analysis.scala[0m
[0m2021.11.04 15:17:39 WARN  no build target for: C:\Users\jerry\GitHub\my_study\Introduction to Static Analysis\program\analysis\src\main\scala\ch5\refined_analysis.scala[0m
[0m2021.11.04 15:17:41 WARN  no build target for: C:\Users\jerry\GitHub\my_study\Introduction to Static Analysis\program\analysis\src\main\scala\ch5\refined_analysis.scala[0m
11¿ù 04, 2021 3:17:43 ¿ÀÈÄ org.eclipse.lsp4j.jsonrpc.RemoteEndpoint handleCancellation
°æ°í: Unmatched cancel notification for request id 511
11¿ù 04, 2021 3:17:54 ¿ÀÈÄ org.eclipse.lsp4j.jsonrpc.RemoteEndpoint handleCancellation
°æ°í: Unmatched cancel notification for request id 524
11¿ù 04, 2021 3:17:59 ¿ÀÈÄ org.eclipse.lsp4j.jsonrpc.RemoteEndpoint fallbackResponseError
½É°¢: Internal error: java.lang.reflect.InvocationTargetException
java.lang.RuntimeException: java.lang.reflect.InvocationTargetException
	at org.eclipse.lsp4j.jsonrpc.services.GenericEndpoint.lambda$null$0(GenericEndpoint.java:67)
	at org.eclipse.lsp4j.jsonrpc.services.GenericEndpoint.request(GenericEndpoint.java:120)
	at org.eclipse.lsp4j.jsonrpc.RemoteEndpoint.handleRequest(RemoteEndpoint.java:261)
	at org.eclipse.lsp4j.jsonrpc.RemoteEndpoint.consume(RemoteEndpoint.java:190)
	at org.eclipse.lsp4j.jsonrpc.json.StreamMessageProducer.handleMessage(StreamMessageProducer.java:194)
	at org.eclipse.lsp4j.jsonrpc.json.StreamMessageProducer.listen(StreamMessageProducer.java:94)
	at org.eclipse.lsp4j.jsonrpc.json.ConcurrentMessageProcessor.run(ConcurrentMessageProcessor.java:113)
	at java.base/java.util.concurrent.Executors$RunnableAdapter.call(Executors.java:515)
	at java.base/java.util.concurrent.FutureTask.run(FutureTask.java:264)
	at java.base/java.util.concurrent.ThreadPoolExecutor.runWorker(ThreadPoolExecutor.java:1128)
	at java.base/java.util.concurrent.ThreadPoolExecutor$Worker.run(ThreadPoolExecutor.java:628)
	at java.base/java.lang.Thread.run(Thread.java:829)
Caused by: java.lang.reflect.InvocationTargetException
	at jdk.internal.reflect.GeneratedMethodAccessor4.invoke(Unknown Source)
	at java.base/jdk.internal.reflect.DelegatingMethodAccessorImpl.invoke(DelegatingMethodAccessorImpl.java:43)
	at java.base/java.lang.reflect.Method.invoke(Method.java:566)
	at org.eclipse.lsp4j.jsonrpc.services.GenericEndpoint.lambda$null$0(GenericEndpoint.java:65)
	... 11 more
Caused by: java.lang.IllegalArgumentException: 34 is not a valid line number, allowed [0..20]
	at scala.meta.internal.inputs.InternalInput.lineToOffset(InternalInput.scala:37)
	at scala.meta.internal.inputs.InternalInput.lineToOffset$(InternalInput.scala:32)
	at scala.meta.inputs.Input$VirtualFile.lineToOffset(Input.scala:80)
	at scala.meta.inputs.Position$Range$.apply(Position.scala:59)
	at scala.meta.internal.mtags.MtagsEnrichments$XtensionPositionLspInverse.toMeta(MtagsEnrichments.scala:133)
	at scala.meta.internal.parsing.Trees.$anonfun$findLastEnclosingAt$4(Trees.scala:77)
	at scala.Option.flatMap(Option.scala:271)
	at scala.meta.internal.parsing.Trees.findLastEnclosingAt(Trees.scala:76)
	at scala.meta.internal.metals.codeactions.PatternMatchRefactor.contribute(PatternMatchRefactor.scala:96)
	at scala.meta.internal.metals.CodeActionProvider$$anonfun$1.applyOrElse(CodeActionProvider.scala:62)
	at scala.meta.internal.metals.CodeActionProvider$$anonfun$1.applyOrElse(CodeActionProvider.scala:61)
	at scala.collection.immutable.List.collect(List.scala:323)
	at scala.meta.internal.metals.CodeActionProvider.codeActions(CodeActionProvider.scala:61)
	at scala.meta.internal.metals.MetalsLanguageServer.$anonfun$codeAction$1(MetalsLanguageServer.scala:1555)
	at scala.meta.internal.metals.CancelTokens$.future(CancelTokens.scala:38)
	at scala.meta.internal.metals.MetalsLanguageServer.codeAction(MetalsLanguageServer.scala:1554)
	... 15 more

[0m2021.11.04 15:18:00 WARN  no build target for: C:\Users\jerry\GitHub\my_study\Introduction to Static Analysis\program\analysis\src\main\scala\ch5\refined_analysis.scala[0m
11¿ù 04, 2021 3:18:00 ¿ÀÈÄ org.eclipse.lsp4j.jsonrpc.RemoteEndpoint fallbackResponseError
½É°¢: Internal error: java.lang.reflect.InvocationTargetException
java.lang.RuntimeException: java.lang.reflect.InvocationTargetException
	at org.eclipse.lsp4j.jsonrpc.services.GenericEndpoint.lambda$null$0(GenericEndpoint.java:67)
	at org.eclipse.lsp4j.jsonrpc.services.GenericEndpoint.request(GenericEndpoint.java:120)
	at org.eclipse.lsp4j.jsonrpc.RemoteEndpoint.handleRequest(RemoteEndpoint.java:261)
	at org.eclipse.lsp4j.jsonrpc.RemoteEndpoint.consume(RemoteEndpoint.java:190)
	at org.eclipse.lsp4j.jsonrpc.json.StreamMessageProducer.handleMessage(StreamMessageProducer.java:194)
	at org.eclipse.lsp4j.jsonrpc.json.StreamMessageProducer.listen(StreamMessageProducer.java:94)
	at org.eclipse.lsp4j.jsonrpc.json.ConcurrentMessageProcessor.run(ConcurrentMessageProcessor.java:113)
	at java.base/java.util.concurrent.Executors$RunnableAdapter.call(Executors.java:515)
	at java.base/java.util.concurrent.FutureTask.run(FutureTask.java:264)
	at java.base/java.util.concurrent.ThreadPoolExecutor.runWorker(ThreadPoolExecutor.java:1128)
	at java.base/java.util.concurrent.ThreadPoolExecutor$Worker.run(ThreadPoolExecutor.java:628)
	at java.base/java.lang.Thread.run(Thread.java:829)
Caused by: java.lang.reflect.InvocationTargetException
	at jdk.internal.reflect.GeneratedMethodAccessor4.invoke(Unknown Source)
	at java.base/jdk.internal.reflect.DelegatingMethodAccessorImpl.invoke(DelegatingMethodAccessorImpl.java:43)
	at java.base/java.lang.reflect.Method.invoke(Method.java:566)
	at org.eclipse.lsp4j.jsonrpc.services.GenericEndpoint.lambda$null$0(GenericEndpoint.java:65)
	... 11 more
Caused by: java.lang.IllegalArgumentException: 34 is not a valid line number, allowed [0..20]
	at scala.meta.internal.inputs.InternalInput.lineToOffset(InternalInput.scala:37)
	at scala.meta.internal.inputs.InternalInput.lineToOffset$(InternalInput.scala:32)
	at scala.meta.inputs.Input$VirtualFile.lineToOffset(Input.scala:80)
	at scala.meta.inputs.Position$Range$.apply(Position.scala:59)
	at scala.meta.internal.mtags.MtagsEnrichments$XtensionPositionLspInverse.toMeta(MtagsEnrichments.scala:133)
	at scala.meta.internal.parsing.Trees.$anonfun$findLastEnclosingAt$4(Trees.scala:77)
	at scala.Option.flatMap(Option.scala:271)
	at scala.meta.internal.parsing.Trees.findLastEnclosingAt(Trees.scala:76)
	at scala.meta.internal.metals.codeactions.PatternMatchRefactor.contribute(PatternMatchRefactor.scala:96)
	at scala.meta.internal.metals.CodeActionProvider$$anonfun$1.applyOrElse(CodeActionProvider.scala:62)
	at scala.meta.internal.metals.CodeActionProvider$$anonfun$1.applyOrElse(CodeActionProvider.scala:61)
	at scala.collection.immutable.List.collect(List.scala:323)
	at scala.meta.internal.metals.CodeActionProvider.codeActions(CodeActionProvider.scala:61)
	at scala.meta.internal.metals.MetalsLanguageServer.$anonfun$codeAction$1(MetalsLanguageServer.scala:1555)
	at scala.meta.internal.metals.CancelTokens$.future(CancelTokens.scala:38)
	at scala.meta.internal.metals.MetalsLanguageServer.codeAction(MetalsLanguageServer.scala:1554)
	... 15 more

[0m2021.11.04 15:18:02 WARN  no build target for: C:\Users\jerry\GitHub\my_study\Introduction to Static Analysis\program\analysis\src\main\scala\ch5\refined_analysis.scala[0m
11¿ù 04, 2021 3:18:03 ¿ÀÈÄ org.eclipse.lsp4j.jsonrpc.RemoteEndpoint fallbackResponseError
½É°¢: Internal error: java.lang.reflect.InvocationTargetException
java.lang.RuntimeException: java.lang.reflect.InvocationTargetException
	at org.eclipse.lsp4j.jsonrpc.services.GenericEndpoint.lambda$null$0(GenericEndpoint.java:67)
	at org.eclipse.lsp4j.jsonrpc.services.GenericEndpoint.request(GenericEndpoint.java:120)
	at org.eclipse.lsp4j.jsonrpc.RemoteEndpoint.handleRequest(RemoteEndpoint.java:261)
	at org.eclipse.lsp4j.jsonrpc.RemoteEndpoint.consume(RemoteEndpoint.java:190)
	at org.eclipse.lsp4j.jsonrpc.json.StreamMessageProducer.handleMessage(StreamMessageProducer.java:194)
	at org.eclipse.lsp4j.jsonrpc.json.StreamMessageProducer.listen(StreamMessageProducer.java:94)
	at org.eclipse.lsp4j.jsonrpc.json.ConcurrentMessageProcessor.run(ConcurrentMessageProcessor.java:113)
	at java.base/java.util.concurrent.Executors$RunnableAdapter.call(Executors.java:515)
	at java.base/java.util.concurrent.FutureTask.run(FutureTask.java:264)
	at java.base/java.util.concurrent.ThreadPoolExecutor.runWorker(ThreadPoolExecutor.java:1128)
	at java.base/java.util.concurrent.ThreadPoolExecutor$Worker.run(ThreadPoolExecutor.java:628)
	at java.base/java.lang.Thread.run(Thread.java:829)
Caused by: java.lang.reflect.InvocationTargetException
	at jdk.internal.reflect.GeneratedMethodAccessor4.invoke(Unknown Source)
	at java.base/jdk.internal.reflect.DelegatingMethodAccessorImpl.invoke(DelegatingMethodAccessorImpl.java:43)
	at java.base/java.lang.reflect.Method.invoke(Method.java:566)
	at org.eclipse.lsp4j.jsonrpc.services.GenericEndpoint.lambda$null$0(GenericEndpoint.java:65)
	... 11 more
Caused by: java.lang.IllegalArgumentException: 34 is not a valid line number, allowed [0..20]
	at scala.meta.internal.inputs.InternalInput.lineToOffset(InternalInput.scala:37)
	at scala.meta.internal.inputs.InternalInput.lineToOffset$(InternalInput.scala:32)
	at scala.meta.inputs.Input$VirtualFile.lineToOffset(Input.scala:80)
	at scala.meta.inputs.Position$Range$.apply(Position.scala:59)
	at scala.meta.internal.mtags.MtagsEnrichments$XtensionPositionLspInverse.toMeta(MtagsEnrichments.scala:133)
	at scala.meta.internal.parsing.Trees.$anonfun$findLastEnclosingAt$4(Trees.scala:77)
	at scala.Option.flatMap(Option.scala:271)
	at scala.meta.internal.parsing.Trees.findLastEnclosingAt(Trees.scala:76)
	at scala.meta.internal.metals.codeactions.PatternMatchRefactor.contribute(PatternMatchRefactor.scala:96)
	at scala.meta.internal.metals.CodeActionProvider$$anonfun$1.applyOrElse(CodeActionProvider.scala:62)
	at scala.meta.internal.metals.CodeActionProvider$$anonfun$1.applyOrElse(CodeActionProvider.scala:61)
	at scala.collection.immutable.List.collect(List.scala:323)
	at scala.meta.internal.metals.CodeActionProvider.codeActions(CodeActionProvider.scala:61)
	at scala.meta.internal.metals.MetalsLanguageServer.$anonfun$codeAction$1(MetalsLanguageServer.scala:1555)
	at scala.meta.internal.metals.CancelTokens$.future(CancelTokens.scala:38)
	at scala.meta.internal.metals.MetalsLanguageServer.codeAction(MetalsLanguageServer.scala:1554)
	... 15 more

[0m2021.11.04 15:18:28 WARN  no build target for: C:\Users\jerry\GitHub\my_study\Introduction to Static Analysis\program\analysis\src\main\scala\ch5\refined_analysis.scala[0m
[0m2021.11.04 15:18:30 WARN  no build target for: C:\Users\jerry\GitHub\my_study\Introduction to Static Analysis\program\analysis\src\main\scala\ch5\refined_analysis.scala[0m
[0m2021.11.04 15:18:36 WARN  no build target for: C:\Users\jerry\GitHub\my_study\Introduction to Static Analysis\program\analysis\src\main\scala\ch5\refined_analysis.scala[0m
[0m2021.11.04 15:18:42 WARN  no build target for: C:\Users\jerry\GitHub\my_study\Introduction to Static Analysis\program\analysis\src\main\scala\ch5\refined_analysis.scala[0m
[0m2021.11.04 15:18:47 WARN  no build target for: C:\Users\jerry\GitHub\my_study\Introduction to Static Analysis\program\analysis\src\main\scala\ch5\refined_analysis.scala[0m
[0m2021.11.04 15:18:50 WARN  no build target for: C:\Users\jerry\GitHub\my_study\Introduction to Static Analysis\program\analysis\src\main\scala\ch5\refined_analysis.scala[0m
[0m2021.11.04 15:23:05 WARN  no build target for: C:\Users\jerry\GitHub\my_study\Introduction to Static Analysis\program\analysis\src\main\scala\ch5\refined_analysis.scala[0m
[0m2021.11.04 15:23:08 INFO  shutting down Metals[0m
[0m2021.11.05 14:31:04 INFO  Started: Metals version 0.10.9 in workspace 'C:\Users\jerry\GitHub\my_study\Introduction to Static Analysis\program\analysis' for client Visual Studio Code 1.61.2.[0m
[0m2021.11.05 14:31:06 INFO  time: initialize in 1.86s[0m
[0m2021.11.05 14:31:07 WARN  Build server is not auto-connectable.[0m
[0m2021.11.05 14:31:07 WARN  no build target for: C:\Users\jerry\GitHub\my_study\Introduction to Static Analysis\program\analysis\src\main\scala\ch5\refined_analysis.scala[0m
[0m2021.11.05 14:31:07 INFO  skipping build import with status 'Requested'[0m
[0m2021.11.05 14:31:18 INFO  no build target: using presentation compiler with only scala-library: 3.1.0[0m
[0m2021.11.05 14:31:29 INFO  time: code lens generation in 19s[0m
[0m2021.11.05 14:32:11 INFO  shutting down Metals[0m
[0m2021.11.05 14:32:43 INFO  Started: Metals version 0.10.9 in workspace 'C:\Users\jerry\GitHub\my_study\Introduction to Static Analysis\program\analysis' for client Visual Studio Code 1.62.0.[0m
[0m2021.11.05 14:32:45 INFO  time: initialize in 2.57s[0m
[0m2021.11.05 14:32:47 WARN  Build server is not auto-connectable.[0m
[0m2021.11.05 14:32:47 WARN  no build target for: C:\Users\jerry\GitHub\my_study\Introduction to Static Analysis\program\analysis\src\main\scala\ch5\refined_analysis.scala[0m
[0m2021.11.05 14:32:48 INFO  skipping build import with status 'Requested'[0m
[0m2021.11.05 14:33:02 INFO  no build target: using presentation compiler with only scala-library: 3.1.0[0m
[0m2021.11.05 14:33:12 INFO  time: code lens generation in 21s[0m
[0m2021.11.05 14:52:34 INFO  shutting down Metals[0m
